# JRE version: OpenJDK Runtime Environment (11.0.6+10) (build 11.0.6+10-post-Ubuntu-1ubuntu118.04.1)
# Java VM: OpenJDK 64-Bit Server VM (11.0.6+10-post-Ubuntu-1ubuntu118.04.1, mixed mode, sharing, tiered, compressed oops, g1 gc, linux-amd64)
Heap:
 garbage-first heap   total 114688K, used 21436K [0x0000000093a00000, 0x0000000100000000)
  region size 1024K, 15 young (15360K), 3 survivors (3072K)
 Metaspace       used 7105K, capacity 7979K, committed 8192K, reserved 1056768K
  class space    used 519K, capacity 651K, committed 768K, reserved 1048576K
GC Heap History (6 events):
Event: 9,757 GC heap before
{Heap before GC invocations=0 (full 0):
 garbage-first heap   total 114688K, used 26308K [0x0000000093a00000, 0x0000000100000000)
  region size 1024K, 24 young (24576K), 0 survivors (0K)
 Metaspace       used 7030K, capacity 7979K, committed 8192K, reserved 1056768K
  class space    used 517K, capacity 651K, committed 768K, reserved 1048576K
}
Event: 9,767 GC heap after
{Heap after GC invocations=1 (full 0):
 garbage-first heap   total 114688K, used 4129K [0x0000000093a00000, 0x0000000100000000)
  region size 1024K, 3 young (3072K), 3 survivors (3072K)
 Metaspace       used 7030K, capacity 7979K, committed 8192K, reserved 1056768K
  class space    used 517K, capacity 651K, committed 768K, reserved 1048576K
}
Event: 58,375 GC heap before
{Heap before GC invocations=1 (full 0):
 garbage-first heap   total 114688K, used 88097K [0x0000000093a00000, 0x0000000100000000)
  region size 1024K, 66 young (67584K), 3 survivors (3072K)
 Metaspace       used 7069K, capacity 7979K, committed 8192K, reserved 1056768K
  class space    used 517K, capacity 651K, committed 768K, reserved 1048576K
}
Event: 58,390 GC heap after
{Heap after GC invocations=2 (full 0):
 garbage-first heap   total 114688K, used 6685K [0x0000000093a00000, 0x0000000100000000)
  region size 1024K, 6 young (6144K), 6 survivors (6144K)
 Metaspace       used 7069K, capacity 7979K, committed 8192K, reserved 1056768K
  class space    used 517K, capacity 651K, committed 768K, reserved 1048576K
}
Event: 91,512 GC heap before
{Heap before GC invocations=2 (full 0):
 garbage-first heap   total 114688K, used 88605K [0x0000000093a00000, 0x0000000100000000)
  region size 1024K, 66 young (67584K), 6 survivors (6144K)
 Metaspace       used 7095K, capacity 7979K, committed 8192K, reserved 1056768K
  class space    used 517K, capacity 651K, committed 768K, reserved 1048576K
}
Event: 91,526 GC heap after
{Heap after GC invocations=3 (full 0):
 garbage-first heap   total 114688K, used 6076K [0x0000000093a00000, 0x0000000100000000)
  region size 1024K, 3 young (3072K), 3 survivors (3072K)
 Metaspace       used 7095K, capacity 7979K, committed 8192K, reserved 1056768K
  class space    used 517K, capacity 651K, committed 768K, reserved 1048576K
}

