# JRE version: OpenJDK Runtime Environment (11.0.6+10) (build 11.0.6+10-post-Ubuntu-1ubuntu118.04.1)
# Java VM: OpenJDK 64-Bit Server VM (11.0.6+10-post-Ubuntu-1ubuntu118.04.1, mixed mode, sharing, tiered, compressed oops, g1 gc, linux-amd64)
Heap:
 garbage-first heap   total 114688K, used 13885K [0x0000000093a00000, 0x0000000100000000)
  region size 1024K, 10 young (10240K), 2 survivors (2048K)
 Metaspace       used 7212K, capacity 7979K, committed 8192K, reserved 1056768K
  class space    used 519K, capacity 651K, committed 768K, reserved 1048576K
GC Heap History (14 events):
Event: 13,940 GC heap before
{Heap before GC invocations=0 (full 0):
 garbage-first heap   total 114688K, used 26308K [0x0000000093a00000, 0x0000000100000000)
  region size 1024K, 24 young (24576K), 0 survivors (0K)
 Metaspace       used 7029K, capacity 7979K, committed 8192K, reserved 1056768K
  class space    used 517K, capacity 651K, committed 768K, reserved 1048576K
}
Event: 13,950 GC heap after
{Heap after GC invocations=1 (full 0):
 garbage-first heap   total 114688K, used 4362K [0x0000000093a00000, 0x0000000100000000)
  region size 1024K, 3 young (3072K), 3 survivors (3072K)
 Metaspace       used 7029K, capacity 7979K, committed 8192K, reserved 1056768K
  class space    used 517K, capacity 651K, committed 768K, reserved 1048576K
}
Event: 68,761 GC heap before
{Heap before GC invocations=1 (full 0):
 garbage-first heap   total 114688K, used 87306K [0x0000000093a00000, 0x0000000100000000)
  region size 1024K, 66 young (67584K), 3 survivors (3072K)
 Metaspace       used 7061K, capacity 7979K, committed 8192K, reserved 1056768K
  class space    used 517K, capacity 651K, committed 768K, reserved 1048576K
}
Event: 68,779 GC heap after
{Heap after GC invocations=2 (full 0):
 garbage-first heap   total 114688K, used 7631K [0x0000000093a00000, 0x0000000100000000)
  region size 1024K, 7 young (7168K), 7 survivors (7168K)
 Metaspace       used 7061K, capacity 7979K, committed 8192K, reserved 1056768K
  class space    used 517K, capacity 651K, committed 768K, reserved 1048576K
}
Event: 102,740 GC heap before
{Heap before GC invocations=2 (full 0):
 garbage-first heap   total 114688K, used 88527K [0x0000000093a00000, 0x0000000100000000)
  region size 1024K, 66 young (67584K), 7 survivors (7168K)
 Metaspace       used 7087K, capacity 7979K, committed 8192K, reserved 1056768K
  class space    used 517K, capacity 651K, committed 768K, reserved 1048576K
}
Event: 102,752 GC heap after
{Heap after GC invocations=3 (full 0):
 garbage-first heap   total 114688K, used 6300K [0x0000000093a00000, 0x0000000100000000)
  region size 1024K, 3 young (3072K), 3 survivors (3072K)
 Metaspace       used 7087K, capacity 7979K, committed 8192K, reserved 1056768K
  class space    used 517K, capacity 651K, committed 768K, reserved 1048576K
}
Event: 129,369 GC heap before
{Heap before GC invocations=3 (full 0):
 garbage-first heap   total 114688K, used 92316K [0x0000000093a00000, 0x0000000100000000)
  region size 1024K, 66 young (67584K), 3 survivors (3072K)
 Metaspace       used 7110K, capacity 7979K, committed 8192K, reserved 1056768K
  class space    used 517K, capacity 651K, committed 768K, reserved 1048576K
}
Event: 129,376 GC heap after
{Heap after GC invocations=4 (full 0):
 garbage-first heap   total 114688K, used 5199K [0x0000000093a00000, 0x0000000100000000)
  region size 1024K, 2 young (2048K), 2 survivors (2048K)
 Metaspace       used 7110K, capacity 7979K, committed 8192K, reserved 1056768K
  class space    used 517K, capacity 651K, committed 768K, reserved 1048576K
}
Event: 152,379 GC heap before
{Heap before GC invocations=4 (full 0):
 garbage-first heap   total 114688K, used 93263K [0x0000000093a00000, 0x0000000100000000)
  region size 1024K, 66 young (67584K), 2 survivors (2048K)
 Metaspace       used 7142K, capacity 7979K, committed 8192K, reserved 1056768K
  class space    used 517K, capacity 651K, committed 768K, reserved 1048576K
}
Event: 152,385 GC heap after
{Heap after GC invocations=5 (full 0):
 garbage-first heap   total 114688K, used 4942K [0x0000000093a00000, 0x0000000100000000)
  region size 1024K, 2 young (2048K), 2 survivors (2048K)
 Metaspace       used 7142K, capacity 7979K, committed 8192K, reserved 1056768K
  class space    used 517K, capacity 651K, committed 768K, reserved 1048576K
}
Event: 202,220 GC heap before
{Heap before GC invocations=5 (full 0):
 garbage-first heap   total 114688K, used 90958K [0x0000000093a00000, 0x0000000100000000)
  region size 1024K, 66 young (67584K), 2 survivors (2048K)
 Metaspace       used 7180K, capacity 7979K, committed 8192K, reserved 1056768K
  class space    used 517K, capacity 651K, committed 768K, reserved 1048576K
}
Event: 202,234 GC heap after
{Heap after GC invocations=6 (full 0):
 garbage-first heap   total 114688K, used 6540K [0x0000000093a00000, 0x0000000100000000)
  region size 1024K, 4 young (4096K), 4 survivors (4096K)
 Metaspace       used 7180K, capacity 7979K, committed 8192K, reserved 1056768K
  class space    used 517K, capacity 651K, committed 768K, reserved 1048576K
}
Event: 217,110 GC heap before
{Heap before GC invocations=6 (full 0):
 garbage-first heap   total 114688K, used 92556K [0x0000000093a00000, 0x0000000100000000)
  region size 1024K, 66 young (67584K), 4 survivors (4096K)
 Metaspace       used 7190K, capacity 7979K, committed 8192K, reserved 1056768K
  class space    used 517K, capacity 651K, committed 768K, reserved 1048576K
}
Event: 217,114 GC heap after
{Heap after GC invocations=7 (full 0):
 garbage-first heap   total 114688K, used 4669K [0x0000000093a00000, 0x0000000100000000)
  region size 1024K, 2 young (2048K), 2 survivors (2048K)
 Metaspace       used 7190K, capacity 7979K, committed 8192K, reserved 1056768K
  class space    used 517K, capacity 651K, committed 768K, reserved 1048576K
}

