# JRE version: OpenJDK Runtime Environment (11.0.6+10) (build 11.0.6+10-post-Ubuntu-1ubuntu118.04.1)
# Java VM: OpenJDK 64-Bit Server VM (11.0.6+10-post-Ubuntu-1ubuntu118.04.1, mixed mode, sharing, tiered, compressed oops, g1 gc, linux-amd64)
Heap:
 garbage-first heap   total 114688K, used 65220K [0x0000000093a00000, 0x0000000100000000)
  region size 1024K, 22 young (22528K), 5 survivors (5120K)
 Metaspace       used 7055K, capacity 7984K, committed 8192K, reserved 1056768K
  class space    used 519K, capacity 651K, committed 768K, reserved 1048576K
GC Heap History (10 events):
Event: 19,418 GC heap before
{Heap before GC invocations=0 (full 0):
 garbage-first heap   total 114688K, used 26308K [0x0000000093a00000, 0x0000000100000000)
  region size 1024K, 24 young (24576K), 0 survivors (0K)
 Metaspace       used 7026K, capacity 7984K, committed 8192K, reserved 1056768K
  class space    used 517K, capacity 651K, committed 768K, reserved 1048576K
}
Event: 19,434 GC heap after
{Heap after GC invocations=1 (full 0):
 garbage-first heap   total 114688K, used 5152K [0x0000000093a00000, 0x0000000100000000)
  region size 1024K, 3 young (3072K), 3 survivors (3072K)
 Metaspace       used 7026K, capacity 7984K, committed 8192K, reserved 1056768K
  class space    used 517K, capacity 651K, committed 768K, reserved 1048576K
}
Event: 78,463 GC heap before
{Heap before GC invocations=1 (full 0):
 garbage-first heap   total 114688K, used 25632K [0x0000000093a00000, 0x0000000100000000)
  region size 1024K, 21 young (21504K), 3 survivors (3072K)
 Metaspace       used 7036K, capacity 7984K, committed 8192K, reserved 1056768K
  class space    used 517K, capacity 651K, committed 768K, reserved 1048576K
}
Event: 78,481 GC heap after
{Heap after GC invocations=2 (full 0):
 garbage-first heap   total 114688K, used 8597K [0x0000000093a00000, 0x0000000100000000)
  region size 1024K, 3 young (3072K), 3 survivors (3072K)
 Metaspace       used 7036K, capacity 7984K, committed 8192K, reserved 1056768K
  class space    used 517K, capacity 651K, committed 768K, reserved 1048576K
}
Event: 376,738 GC heap before
{Heap before GC invocations=2 (full 0):
 garbage-first heap   total 114688K, used 75157K [0x0000000093a00000, 0x0000000100000000)
  region size 1024K, 66 young (67584K), 3 survivors (3072K)
 Metaspace       used 7037K, capacity 7984K, committed 8192K, reserved 1056768K
  class space    used 517K, capacity 651K, committed 768K, reserved 1048576K
}
Event: 376,795 GC heap after
{Heap after GC invocations=3 (full 0):
 garbage-first heap   total 114688K, used 31326K [0x0000000093a00000, 0x0000000100000000)
  region size 1024K, 9 young (9216K), 9 survivors (9216K)
 Metaspace       used 7037K, capacity 7984K, committed 8192K, reserved 1056768K
  class space    used 517K, capacity 651K, committed 768K, reserved 1048576K
}
Event: 539,039 GC heap before
{Heap before GC invocations=3 (full 0):
 garbage-first heap   total 114688K, used 64094K [0x0000000093a00000, 0x0000000100000000)
  region size 1024K, 41 young (41984K), 9 survivors (9216K)
 Metaspace       used 7038K, capacity 7984K, committed 8192K, reserved 1056768K
  class space    used 517K, capacity 651K, committed 768K, reserved 1048576K
}
Event: 539,073 GC heap after
{Heap after GC invocations=4 (full 0):
 garbage-first heap   total 114688K, used 36548K [0x0000000093a00000, 0x0000000100000000)
  region size 1024K, 6 young (6144K), 6 survivors (6144K)
 Metaspace       used 7038K, capacity 7984K, committed 8192K, reserved 1056768K
  class space    used 517K, capacity 651K, committed 768K, reserved 1048576K
}
Event: 675,827 GC heap before
{Heap before GC invocations=4 (full 0):
 garbage-first heap   total 114688K, used 67268K [0x0000000093a00000, 0x0000000100000000)
  region size 1024K, 36 young (36864K), 6 survivors (6144K)
 Metaspace       used 7039K, capacity 7984K, committed 8192K, reserved 1056768K
  class space    used 517K, capacity 651K, committed 768K, reserved 1048576K
}
Event: 675,855 GC heap after
{Heap after GC invocations=5 (full 0):
 garbage-first heap   total 114688K, used 42692K [0x0000000093a00000, 0x0000000100000000)
  region size 1024K, 5 young (5120K), 5 survivors (5120K)
 Metaspace       used 7039K, capacity 7984K, committed 8192K, reserved 1056768K
  class space    used 517K, capacity 651K, committed 768K, reserved 1048576K
}

